[    0.000000] Linux version 4.15.0-159-generic (buildd@lgw01-amd64-055) (gcc version 7.5.0 (Ubuntu 7.5.0-3ubuntu1~18.04)) #167-Ubuntu SMP Tue Sep 21 08:55:05 UTC 2021 (Ubuntu 4.15.0-159.167-generic 4.15.18)
[    0.000000] Command line: BOOT_IMAGE=/boot/vmlinuz-4.15.0-159-generic root=LABEL=cloudimg-rootfs ro console=tty1 console=ttyS0
[    0.000000] KERNEL supported cpus:
[    0.000000]   Intel GenuineIntel
[    0.000000]   AMD AuthenticAMD
[    0.000000]   Centaur CentaurHauls
[    0.000000] x86/fpu: Supporting XSAVE feature 0x001: 'x87 floating point registers'
[    0.000000] x86/fpu: Supporting XSAVE feature 0x002: 'SSE registers'
[    0.000000] x86/fpu: Supporting XSAVE feature 0x004: 'AVX registers'
[    0.000000] x86/fpu: xstate_offset[2]:  576, xstate_sizes[2]:  256
[    0.000000] x86/fpu: Enabled xstate features 0x7, context size is 832 bytes, using 'standard' format.
[    0.000000] e820: BIOS-provided physical RAM map:
[    0.000000] BIOS-e820: [mem 0x0000000000000000-0x000000000009fbff] usable
[    0.000000] BIOS-e820: [mem 0x000000000009fc00-0x000000000009ffff] reserved
[    0.000000] BIOS-e820: [mem 0x00000000000f0000-0x00000000000fffff] reserved
[    0.000000] BIOS-e820: [mem 0x0000000000100000-0x000000003ffeffff] usable
[    0.000000] BIOS-e820: [mem 0x000000003fff0000-0x000000003fffffff] ACPI data
[    0.000000] BIOS-e820: [mem 0x00000000fec00000-0x00000000fec00fff] reserved
[    0.000000] BIOS-e820: [mem 0x00000000fee00000-0x00000000fee00fff] reserved
[    0.000000] BIOS-e820: [mem 0x00000000fffc0000-0x00000000ffffffff] reserved
[    0.000000] NX (Execute Disable) protection: active
[    0.000000] SMBIOS 2.5 present.
[    0.000000] DMI: innotek GmbH VirtualBox/VirtualBox, BIOS VirtualBox 12/01/2006
[    0.000000] Hypervisor detected: KVM
[    0.000000] e820: last_pfn = 0x3fff0 max_arch_pfn = 0x400000000
[    0.000000] MTRR: Disabled
[    0.000000] x86/PAT: MTRRs disabled, skipping PAT initialization too.
[    0.000000] CPU MTRRs all blank - virtualized system.
[    0.000000] x86/PAT: Configuration [0-7]: WB  WT  UC- UC  WB  WT  UC- UC  
[    0.000000] found SMP MP-table at [mem 0x0009fff0-0x0009ffff]
[    0.000000] Scanning 1 areas for low memory corruption
[    0.000000] RAMDISK: [mem 0x359cb000-0x36cdcfff]
[    0.000000] ACPI: Early table checksum verification disabled
[    0.000000] ACPI: RSDP 0x00000000000E0000 000024 (v02 VBOX  )
[    0.000000] ACPI: XSDT 0x000000003FFF0030 00003C (v01 VBOX   VBOXXSDT 00000001 ASL  00000061)
[    0.000000] ACPI: FACP 0x000000003FFF00F0 0000F4 (v04 VBOX   VBOXFACP 00000001 ASL  00000061)
[    0.000000] ACPI: DSDT 0x000000003FFF0470 002325 (v02 VBOX   VBOXBIOS 00000002 INTL 20120111)
[    0.000000] ACPI: FACS 0x000000003FFF0200 000040
[    0.000000] ACPI: FACS 0x000000003FFF0200 000040
[    0.000000] ACPI: APIC 0x000000003FFF0240 00005C (v02 VBOX   VBOXAPIC 00000001 ASL  00000061)
[    0.000000] ACPI: SSDT 0x000000003FFF02A0 0001CC (v01 VBOX   VBOXCPUT 00000002 INTL 20120111)
[    0.000000] ACPI: Reserving FACP table memory at [mem 0x3fff00f0-0x3fff01e3]
[    0.000000] ACPI: Reserving DSDT table memory at [mem 0x3fff0470-0x3fff2794]
[    0.000000] ACPI: Reserving FACS table memory at [mem 0x3fff0200-0x3fff023f]
[    0.000000] ACPI: Reserving FACS table memory at [mem 0x3fff0200-0x3fff023f]
[    0.000000] ACPI: Reserving APIC table memory at [mem 0x3fff0240-0x3fff029b]
[    0.000000] ACPI: Reserving SSDT table memory at [mem 0x3fff02a0-0x3fff046b]
[    0.000000] No NUMA configuration found
[    0.000000] Faking a node at [mem 0x0000000000000000-0x000000003ffeffff]
[    0.000000] NODE_DATA(0) allocated [mem 0x3ffc5000-0x3ffeffff]
[    0.000000] kvm-clock: cpu 0, msr 0:3ff44001, primary cpu clock
[    0.000000] kvm-clock: Using msrs 4b564d01 and 4b564d00
[    0.000000] kvm-clock: using sched offset of 5188085523 cycles
[    0.000000] clocksource: kvm-clock: mask: 0xffffffffffffffff max_cycles: 0x1cd42e4dffb, max_idle_ns: 881590591483 ns
[    0.000000] Zone ranges:
[    0.000000]   DMA      [mem 0x0000000000001000-0x0000000000ffffff]
[    0.000000]   DMA32    [mem 0x0000000001000000-0x000000003ffeffff]
[    0.000000]   Normal   empty
[    0.000000]   Device   empty
[    0.000000] Movable zone start for each node
[    0.000000] Early memory node ranges
[    0.000000]   node   0: [mem 0x0000000000001000-0x000000000009efff]
[    0.000000]   node   0: [mem 0x0000000000100000-0x000000003ffeffff]
[    0.000000] Reserved but unavailable: 104 pages
[    0.000000] Initmem setup node 0 [mem 0x0000000000001000-0x000000003ffeffff]
[    0.000000] ACPI: PM-Timer IO Port: 0x4008
[    0.000000] IOAPIC[0]: apic_id 2, version 32, address 0xfec00000, GSI 0-23
[    0.000000] ACPI: INT_SRC_OVR (bus 0 bus_irq 0 global_irq 2 dfl dfl)
[    0.000000] ACPI: INT_SRC_OVR (bus 0 bus_irq 9 global_irq 9 low level)
[    0.000000] Using ACPI (MADT) for SMP configuration information
[    0.000000] smpboot: Allowing 2 CPUs, 0 hotplug CPUs
[    0.000000] PM: Registered nosave memory: [mem 0x00000000-0x00000fff]
[    0.000000] PM: Registered nosave memory: [mem 0x0009f000-0x0009ffff]
[    0.000000] PM: Registered nosave memory: [mem 0x000a0000-0x000effff]
[    0.000000] PM: Registered nosave memory: [mem 0x000f0000-0x000fffff]
[    0.000000] e820: [mem 0x40000000-0xfebfffff] available for PCI devices
[    0.000000] Booting paravirtualized kernel on KVM
[    0.000000] clocksource: refined-jiffies: mask: 0xffffffff max_cycles: 0xffffffff, max_idle_ns: 7645519600211568 ns
[    0.000000] random: get_random_bytes called from start_kernel+0x99/0x500 with crng_init=0
[    0.000000] setup_percpu: NR_CPUS:8192 nr_cpumask_bits:2 nr_cpu_ids:2 nr_node_ids:1
[    0.000000] percpu: Embedded 45 pages/cpu s147456 r8192 d28672 u1048576
[    0.000000] PV qspinlock hash table entries: 256 (order: 0, 4096 bytes)
[    0.000000] Built 1 zonelists, mobility grouping on.  Total pages: 257913
[    0.000000] Policy zone: DMA32
[    0.000000] Kernel command line: BOOT_IMAGE=/boot/vmlinuz-4.15.0-159-generic root=LABEL=cloudimg-rootfs ro console=tty1 console=ttyS0
[    0.000000] Memory: 982708K/1048120K available (12300K kernel code, 2483K rwdata, 4320K rodata, 2448K init, 2724K bss, 65412K reserved, 0K cma-reserved)
[    0.000000] SLUB: HWalign=64, Order=0-3, MinObjects=0, CPUs=2, Nodes=1
[    0.000000] Kernel/User page tables isolation: enabled
[    0.000000] ftrace: allocating 39471 entries in 155 pages
[    0.004000] Hierarchical RCU implementation.
[    0.004000] 	RCU restricting CPUs from NR_CPUS=8192 to nr_cpu_ids=2.
[    0.004000] 	Tasks RCU enabled.
[    0.004000] RCU: Adjusting geometry for rcu_fanout_leaf=16, nr_cpu_ids=2
[    0.004000] NR_IRQS: 524544, nr_irqs: 440, preallocated irqs: 16
[    0.004000] Console: colour VGA+ 80x25
[    0.004000] console [tty1] enabled
[    0.004000] console [ttyS0] enabled
[    0.004000] ACPI: Core revision 20170831
[    0.004000] ACPI: 2 ACPI AML tables successfully acquired and loaded
[    0.004000] APIC: Switch to symmetric I/O mode setup
[    0.004000] x2apic enabled
[    0.004000] Switched APIC routing to physical x2apic.
[    0.005230] ..TIMER: vector=0x30 apic1=0 pin1=2 apic2=-1 pin2=-1
[    0.008004] tsc: Detected 2000.000 MHz processor
[    0.009776] Calibrating delay loop (skipped) preset value.. 4000.00 BogoMIPS (lpj=8000000)
[    0.012003] pid_max: default: 32768 minimum: 301
[    0.013828] Security Framework initialized
[    0.016004] Yama: becoming mindful.
[    0.017257] AppArmor: AppArmor initialized
[    0.020039] Dentry cache hash table entries: 131072 (order: 8, 1048576 bytes)
[    0.024088] Inode-cache hash table entries: 65536 (order: 7, 524288 bytes)
[    0.026315] Mount-cache hash table entries: 2048 (order: 2, 16384 bytes)
[    0.028009] Mountpoint-cache hash table entries: 2048 (order: 2, 16384 bytes)
[    0.031029] Last level iTLB entries: 4KB 1024, 2MB 1024, 4MB 1024
[    0.032003] Last level dTLB entries: 4KB 1024, 2MB 1024, 4MB 1024, 1GB 4
[    0.034034] Spectre V1 : Mitigation: usercopy/swapgs barriers and __user pointer sanitization
[    0.036006] Spectre V2 : Mitigation: Full generic retpoline
[    0.040003] Spectre V2 : Spectre v2 / SpectreRSB mitigation: Filling RSB on context switch
[    0.042637] Speculative Store Bypass: Vulnerable
[    0.044057] SRBDS: Unknown: Dependent on hypervisor status
[    0.046117] MDS: Mitigation: Clear CPU buffers
[    0.048174] Freeing SMP alternatives memory: 36K
[    0.160876] smpboot: CPU0: Intel(R) Core(TM) i5-4260U CPU @ 1.40GHz (family: 0x6, model: 0x45, stepping: 0x1)
[    0.164110] Performance Events: unsupported p6 CPU model 69 no PMU driver, software events only.
[    0.168054] Hierarchical SRCU implementation.
[    0.172160] NMI watchdog: Perf event create on CPU 0 failed with -2
[    0.174356] NMI watchdog: Perf NMI watchdog permanently disabled
[    0.176062] smp: Bringing up secondary CPUs ...
[    0.177630] x86: Booting SMP configuration:
[    0.178970] .... node  #0, CPUs:      #1
[    0.004000] kvm-clock: cpu 1, msr 0:3ff44041, secondary cpu clock
[    0.186709] smp: Brought up 1 node, 2 CPUs
[    0.192015] smpboot: Max logical packages: 1
[    0.194699] smpboot: Total of 2 processors activated (8000.00 BogoMIPS)
[    0.196207] devtmpfs: initialized
[    0.197246] x86/mm: Memory block size: 128MB
[    0.200157] evm: security.selinux
[    0.201461] evm: security.SMACK64
[    0.204005] evm: security.SMACK64EXEC
[    0.205185] evm: security.SMACK64TRANSMUTE
[    0.206613] evm: security.SMACK64MMAP
[    0.207776] evm: security.apparmor
[    0.208004] evm: security.ima
[    0.209336] evm: security.capability
[    0.212163] clocksource: jiffies: mask: 0xffffffff max_cycles: 0xffffffff, max_idle_ns: 7645041785100000 ns
[    0.215328] futex hash table entries: 512 (order: 3, 32768 bytes)
[    0.216055] pinctrl core: initialized pinctrl subsystem
[    0.222129] RTC time: 18:31:37, date: 10/13/21
[    0.224221] NET: Registered protocol family 16
[    0.225819] audit: initializing netlink subsys (disabled)
[    0.228026] audit: type=2000 audit(1634149904.202:1): state=initialized audit_enabled=0 res=1
[    0.230764] cpuidle: using governor ladder
[    0.232012] cpuidle: using governor menu
[    0.234112] ACPI: bus type PCI registered
[    0.236022] acpiphp: ACPI Hot Plug PCI Controller Driver version: 0.5
[    0.238609] PCI: Using configuration type 1 for base access
[    0.241087] HugeTLB registered 2.00 MiB page size, pre-allocated 0 pages
[    0.244126] ACPI: Added _OSI(Module Device)
[    0.245649] ACPI: Added _OSI(Processor Device)
[    0.248005] ACPI: Added _OSI(3.0 _SCP Extensions)
[    0.249916] ACPI: Added _OSI(Processor Aggregator Device)
[    0.252004] ACPI: Added _OSI(Linux-Dell-Video)
[    0.253728] ACPI: Added _OSI(Linux-Lenovo-NV-HDMI-Audio)
[    0.255479] ACPI: Added _OSI(Linux-HPI-Hybrid-Graphics)
[    0.256497] ACPI: Executed 1 blocks of module-level executable AML code
[    0.264098] ACPI: Interpreter enabled
[    0.265761] ACPI: (supports S0 S5)
[    0.266990] ACPI: Using IOAPIC for interrupt routing
[    0.268270] PCI: Using host bridge windows from ACPI; if necessary, use "pci=nocrs" and report a bug
[    0.272279] ACPI: Enabled 2 GPEs in block 00 to 07
[    0.284894] ACPI: PCI Root Bridge [PCI0] (domain 0000 [bus 00-ff])
[    0.287184] acpi PNP0A03:00: _OSC: OS supports [ASPM ClockPM Segments MSI]
[    0.288541] acpi PNP0A03:00: _OSC: not requesting OS control; OS requires [ExtendedConfig ASPM ClockPM MSI]
[    0.292017] acpi PNP0A03:00: fail to add MMCONFIG information, can't access extended PCI configuration space under this bridge.
[    0.296701] PCI host bridge to bus 0000:00
[    0.298128] pci_bus 0000:00: root bus resource [io  0x0000-0x0cf7 window]
[    0.300005] pci_bus 0000:00: root bus resource [io  0x0d00-0xffff window]
[    0.304005] pci_bus 0000:00: root bus resource [mem 0x000a0000-0x000bffff window]
[    0.308007] pci_bus 0000:00: root bus resource [mem 0x40000000-0xfdffffff window]
[    0.310490] pci_bus 0000:00: root bus resource [bus 00-ff]
[    0.316460] pci 0000:00:01.1: legacy IDE quirk: reg 0x10: [io  0x01f0-0x01f7]
[    0.318841] pci 0000:00:01.1: legacy IDE quirk: reg 0x14: [io  0x03f6]
[    0.320005] pci 0000:00:01.1: legacy IDE quirk: reg 0x18: [io  0x0170-0x0177]
[    0.324005] pci 0000:00:01.1: legacy IDE quirk: reg 0x1c: [io  0x0376]
[    0.355042] pci 0000:00:07.0: quirk: [io  0x4000-0x403f] claimed by PIIX4 ACPI
[    0.356036] pci 0000:00:07.0: quirk: [io  0x4100-0x410f] claimed by PIIX4 SMB
[    0.372700] ACPI: PCI Interrupt Link [LNKA] (IRQs 5 9 10 *11)
[    0.375414] ACPI: PCI Interrupt Link [LNKB] (IRQs 5 9 *10 11)
[    0.376205] ACPI: PCI Interrupt Link [LNKC] (IRQs 5 *9 10 11)
[    0.380204] ACPI: PCI Interrupt Link [LNKD] (IRQs 5 9 10 *11)
[    0.382414] SCSI subsystem initialized
[    0.384069] pci 0000:00:02.0: vgaarb: setting as boot VGA device
[    0.386244] pci 0000:00:02.0: vgaarb: VGA device added: decodes=io+mem,owns=io+mem,locks=none
[    0.388012] pci 0000:00:02.0: vgaarb: bridge control possible
[    0.392010] vgaarb: loaded
[    0.393637] ACPI: bus type USB registered
[    0.396078] usbcore: registered new interface driver usbfs
[    0.398903] usbcore: registered new interface driver hub
[    0.400037] usbcore: registered new device driver usb
[    0.408044] EDAC MC: Ver: 3.0.0
[    0.410735] PCI: Using ACPI for IRQ routing
[    0.412483] NetLabel: Initializing
[    0.414291] NetLabel:  domain hash size = 128
[    0.416004] NetLabel:  protocols = UNLABELED CIPSOv4 CALIPSO
[    0.420037] NetLabel:  unlabeled traffic allowed by default
[    0.424126] clocksource: Switched to clocksource kvm-clock
[    0.457237] VFS: Disk quotas dquot_6.6.0
[    0.461087] VFS: Dquot-cache hash table entries: 512 (order 0, 4096 bytes)
[    0.468525] AppArmor: AppArmor Filesystem Enabled
[    0.473528] pnp: PnP ACPI init
[    0.481734] pnp: PnP ACPI: found 3 devices
[    0.512323] clocksource: acpi_pm: mask: 0xffffff max_cycles: 0xffffff, max_idle_ns: 2085701024 ns
[    0.519553] NET: Registered protocol family 2
[    0.522855] IP idents hash table entries: 16384 (order: 5, 131072 bytes)
[    0.530798] TCP established hash table entries: 8192 (order: 4, 65536 bytes)
[    0.536364] TCP bind hash table entries: 8192 (order: 5, 131072 bytes)
[    0.540783] TCP: Hash tables configured (established 8192 bind 8192)
[    0.545177] UDP hash table entries: 512 (order: 2, 16384 bytes)
[    0.550852] UDP-Lite hash table entries: 512 (order: 2, 16384 bytes)
[    0.556020] NET: Registered protocol family 1
[    0.559409] pci 0000:00:00.0: Limiting direct PCI/PCI transfers
[    0.563479] pci 0000:00:01.0: Activating ISA DMA hang workarounds
[    0.568260] pci 0000:00:02.0: Video device with shadowed ROM at [mem 0x000c0000-0x000dffff]
[    0.574723] Unpacking initramfs...
[    0.940153] Freeing initrd memory: 19528K
[    0.941619] clocksource: tsc: mask: 0xffffffffffffffff max_cycles: 0x39a85c9bff6, max_idle_ns: 881590591483 ns
[    0.945147] platform rtc_cmos: registered platform RTC device (no PNP device found)
[    0.947888] Scanning for low memory corruption every 60 seconds
[    0.952230] Initialise system trusted keyrings
[    0.953960] Key type blacklist registered
[    0.955504] workingset: timestamp_bits=36 max_order=18 bucket_order=0
[    0.958893] zbud: loaded
[    0.960469] squashfs: version 4.0 (2009/01/31) Phillip Lougher
[    0.962413] fuse init (API version 7.26)
[    0.970314] Key type asymmetric registered
[    0.972008] Asymmetric key parser 'x509' registered
[    0.973695] Block layer SCSI generic (bsg) driver version 0.4 loaded (major 246)
[    0.976353] io scheduler noop registered
[    0.977705] io scheduler deadline registered
[    0.979199] io scheduler cfq registered (default)
[    0.981525] ACPI: AC Adapter [AC] (off-line)
[    0.983521] input: Power Button as /devices/LNXSYSTM:00/LNXPWRBN:00/input/input0
[    0.986004] ACPI: Power Button [PWRF]
[    0.987293] input: Sleep Button as /devices/LNXSYSTM:00/LNXSLPBN:00/input/input1
[    0.990165] ACPI: Sleep Button [SLPF]
[    0.991915] Serial: 8250/16550 driver, 32 ports, IRQ sharing enabled
[    0.994453] ACPI: Battery Slot [BAT0] (battery present)
[    1.015205] 00:02: ttyS0 at I/O 0x3f8 (irq = 4, base_baud = 115200) is a 16550A
[    1.024071] Linux agpgart interface v0.103
[    1.027127] loop: module loaded
[    1.029265] scsi host0: ata_piix
[    1.030780] scsi host1: ata_piix
[    1.031977] ata1: PATA max UDMA/33 cmd 0x1f0 ctl 0x3f6 bmdma 0xd000 irq 14
[    1.034622] ata2: PATA max UDMA/33 cmd 0x170 ctl 0x376 bmdma 0xd008 irq 15
[    1.037595] libphy: Fixed MDIO Bus: probed
[    1.039494] tun: Universal TUN/TAP device driver, 1.6
[    1.041419] PPP generic driver version 2.4.2
[    1.042880] ehci_hcd: USB 2.0 'Enhanced' Host Controller (EHCI) Driver
[    1.044873] ehci-pci: EHCI PCI platform driver
[    1.046228] ehci-platform: EHCI generic platform driver
[    1.047808] ohci_hcd: USB 1.1 'Open' Host Controller (OHCI) Driver
[    1.049965] ohci-pci: OHCI PCI platform driver
[    1.051491] ohci-platform: OHCI generic platform driver
[    1.053234] uhci_hcd: USB Universal Host Controller Interface driver
[    1.055422] i8042: PNP: PS/2 Controller [PNP0303:PS2K,PNP0f03:PS2M] at 0x60,0x64 irq 1,12
[    1.058877] serio: i8042 KBD port at 0x60,0x64 irq 1
[    1.060616] serio: i8042 AUX port at 0x60,0x64 irq 12
[    1.062357] mousedev: PS/2 mouse device common for all mice
[    1.064520] input: AT Translated Set 2 keyboard as /devices/platform/i8042/serio0/input/input2
[    1.068524] rtc_cmos rtc_cmos: rtc core: registered rtc_cmos as rtc0
[    1.070638] rtc_cmos rtc_cmos: alarms up to one day, 114 bytes nvram
[    1.072716] i2c /dev entries driver
[    1.073953] device-mapper: uevent: version 1.0.3
[    1.075363] device-mapper: ioctl: 4.37.0-ioctl (2017-09-20) initialised: dm-devel@redhat.com
[    1.078461] ledtrig-cpu: registered to indicate activity on CPUs
[    1.081272] NET: Registered protocol family 10
[    1.088823] Segment Routing with IPv6
[    1.090127] NET: Registered protocol family 17
[    1.091753] Key type dns_resolver registered
[    1.093859] mce: Using 0 MCE banks
[    1.095290] RAS: Correctable Errors collector initialized.
[    1.097443] sched_clock: Marking stable (1097398880, 0)->(1367336842, -269937962)
[    1.101912] registered taskstats version 1
[    1.103681] Loading compiled-in X.509 certificates
[    1.108672] Loaded X.509 cert 'Build time autogenerated kernel key: bf5768e0b2369bd53acb56866ca104cf5a2c379b'
[    1.112610] Loaded X.509 cert 'Canonical Ltd. Live Patch Signing: 14df34d1a87cf37625abec039ef2bf521249b969'
[    1.116193] Loaded X.509 cert 'Canonical Ltd. Kernel Module Signing: 88f752e560a1e0737e31163a466ad7b70a850c19'
[    1.120238] zswap: loaded using pool lzo/zbud
[    1.126616] Key type big_key registered
[    1.128164] Key type trusted registered
[    1.132186] Key type encrypted registered
[    1.134033] AppArmor: AppArmor sha1 policy hashing enabled
[    1.135749] ima: No TPM chip found, activating TPM-bypass! (rc=-19)
[    1.137873] ima: Allocated hash algorithm: sha1
[    1.139728] evm: HMAC attrs: 0x1
[    1.141234]   Magic number: 9:389:544
[    1.142507] tty ttyS20: hash matches
[    1.143765] rtc_cmos rtc_cmos: setting system clock to 2021-10-13 18:31:38 UTC (1634149898)
[    1.146591] BIOS EDD facility v0.16 2004-Jun-25, 0 devices found
[    1.148778] EDD information not available.
[    1.223546] Freeing unused kernel image memory: 2448K
[    1.236426] Write protecting the kernel read-only data: 20480k
[    1.240945] Freeing unused kernel image memory: 2008K
[    1.243447] Freeing unused kernel image memory: 1824K
[    1.252730] x86/mm: Checked W+X mappings: passed, no W+X pages found.
[    1.254898] x86/mm: Checking user space page tables
[    1.263141] x86/mm: Checked W+X mappings: passed, no W+X pages found.
Loading, please wait...
starting version 237
[    1.347101] e1000: Intel(R) PRO/1000 Network Driver - version 7.3.21-k8-NAPI
[    1.347105] Fusion MPT base driver 3.04.20
[    1.350124] e1000: Copyright (c) 1999-2006 Intel Corporation.
[    1.352867] Copyright (c) 1999-2008 LSI Corporation
[    1.363261] Fusion MPT SPI Host driver 3.04.20
[    1.380830] AVX2 version of gcm_enc/dec engaged.
[    1.382872] AES CTR mode by8 optimization enabled
[    1.573478] input: ImExPS/2 Generic Explorer Mouse as /devices/platform/i8042/serio1/input/input4
[    1.857601] e1000 0000:00:03.0 eth0: (PCI:33MHz:32-bit) 02:2f:77:f1:0c:e0
[    1.860582] e1000 0000:00:03.0 eth0: Intel(R) PRO/1000 Network Connection
[    1.864979] e1000 0000:00:03.0 enp0s3: renamed from eth0
[    1.867465] mptbase: ioc0: Initiating bringup
[    1.965244] ioc0: LSI53C1030 A0: Capabilities={Initiator}
[    2.214785] scsi host2: ioc0: LSI53C1030 A0, FwRev=00000000h, Ports=1, MaxQ=256, IRQ=20
[    2.389457] scsi 2:0:0:0: Direct-Access     VBOX     HARDDISK         1.0  PQ: 0 ANSI: 5
[    2.428339] scsi target2:0:0: Beginning Domain Validation
[    2.435344] scsi target2:0:0: Domain Validation skipping write tests
[    2.438348] scsi target2:0:0: Ending Domain Validation
[    2.440039] scsi target2:0:0: asynchronous
[    2.442270] scsi 2:0:1:0: Direct-Access     VBOX     HARDDISK         1.0  PQ: 0 ANSI: 5
[    2.476606] scsi target2:0:1: Beginning Domain Validation
[    2.483336] random: fast init done
[    2.486782] scsi target2:0:1: Domain Validation skipping write tests
[    2.489290] scsi target2:0:1: Ending Domain Validation
[    2.491413] scsi target2:0:1: asynchronous
[    2.506107] random: systemd-udevd: uninitialized urandom read (16 bytes read)
[    2.508917] random: systemd-udevd: uninitialized urandom read (16 bytes read)
[    2.511536] random: systemd-udevd: uninitialized urandom read (16 bytes read)
[    2.514781] sd 2:0:0:0: Attached scsi generic sg0 type 0
[    2.515511] sd 2:0:0:0: [sda] 83886080 512-byte logical blocks: (42.9 GB/40.0 GiB)
[    2.517187] sd 2:0:1:0: Attached scsi generic sg1 type 0
[    2.521276] sd 2:0:0:0: [sda] Write Protect is off
[    2.528779] sd 2:0:1:0: [sdb] 20480 512-byte logical blocks: (10.5 MB/10.0 MiB)
[    2.531439] sd 2:0:0:0: [sda] Incomplete mode parameter data
[    2.533493] sd 2:0:0:0: [sda] Assuming drive cache: write through
[    2.535905] sd 2:0:1:0: [sdb] Write Protect is off
[    2.538159] sd 2:0:1:0: [sdb] Incomplete mode parameter data
[    2.540134] sd 2:0:1:0: [sdb] Assuming drive cache: write through
[    2.544317]  sda: sda1
[    2.546597] sd 2:0:1:0: [sdb] Attached SCSI disk
[    2.549541] sd 2:0:0:0: [sda] Attached SCSI disk
Begin: Loading essential drivers ... [    4.100559] raid6: sse2x1   gen()  8391 MB/s
[    4.148293] raid6: sse2x1   xor()  6132 MB/s
[    4.196178] raid6: sse2x2   gen()  9988 MB/s
[    4.244110] raid6: sse2x2   xor()  5864 MB/s
[    4.292185] raid6: sse2x4   gen() 10540 MB/s
[    4.340127] raid6: sse2x4   xor()  5824 MB/s
[    4.388097] raid6: avx2x1   gen() 11943 MB/s
[    4.440119] raid6: avx2x1   xor()  7758 MB/s
[    4.488106] raid6: avx2x2   gen() 13811 MB/s
[    4.536118] raid6: avx2x2   xor()  8297 MB/s
[    4.584106] raid6: avx2x4   gen() 14836 MB/s
[    4.632528] raid6: avx2x4   xor() 11268 MB/s
[    4.639094] raid6: using algorithm avx2x4 gen() 14836 MB/s
[    4.640984] raid6: .... xor() 11268 MB/s, rmw enabled
[    4.643425] raid6: using avx2x2 recovery algorithm
[    4.648985] xor: automatically using best checksumming function   avx       
[    4.653053] async_tx: api initialized (async)
done.
Begin: Running /scripts/init-premount ... done.
Begin: Mounting root file system ... Begin: Running /scripts/local-top ... done.
Begin: Running /scripts/local-premount ... [    4.728456] Btrfs loaded, crc32c=crc32c-intel
Scanning for Btrfs filesystems
done.
Warning: fsck not present, so skipping root file system
[    4.792799] EXT4-fs (sda1): mounted filesystem with ordered data mode. Opts: (null)
done.
Begin: Running /scripts/local-bottom ... done.
Begin: Running /scripts/init-bottom ... done.
[    5.109599] ip_tables: (C) 2000-2006 Netfilter Core Team
[    5.132731] systemd[1]: systemd 237 running in system mode. (+PAM +AUDIT +SELINUX +IMA +APPARMOR +SMACK +SYSVINIT +UTMP +LIBCRYPTSETUP +GCRYPT +GNUTLS +ACL +XZ +LZ4 +SECCOMP +BLKID +ELFUTILS +KMOD -IDN2 +IDN -PCRE2 default-hierarchy=hybrid)
[    5.148216] systemd[1]: Detected virtualization oracle.
[    5.153078] systemd[1]: Detected architecture x86-64.

Welcome to [1mUbuntu 18.04.6 LTS[0m!

[    5.177116] systemd[1]: Set hostname to <ubuntu>.
[    5.188559] systemd[1]: Initializing machine ID from random generator.
[    5.192882] systemd[1]: Installed transient /etc/machine-id file.
[    5.690295] systemd[1]: Created slice System Slice.
[[0;32m  OK  [0m] Created slice System Slice.
[    5.693571] systemd[1]: Listening on Device-mapper event daemon FIFOs.
[[0;32m  OK  [0m] Listening on Device-mapper event daemon FIFOs.
[    5.697919] systemd[1]: Listening on Syslog Socket.
[[0;32m  OK  [0m] Listening on Syslog Socket.
[    5.702122] systemd[1]: Reached target User and Group Name Lookups.
[[0;32m  OK  [0m] Reached target User and Group Name Lookups.
[[0;32m  OK  [0m] Started Forward Password Requests to Wall Directory Watch.
[[0;32m  OK  [0m] Listening on Journal Socket (/dev/log).
[[0;32m  OK  [0m] Set up automount Arbitrary Executab…rmats File System Automount Point.
[[0;32m  OK  [0m] Listening on LVM2 poll daemon socket.
[[0;32m  OK  [0m] Reached target Swap.
[[0;32m  OK  [0m] Listening on LVM2 metadata daemon socket.
[[0;32m  OK  [0m] Listening on fsck to fsckd communication Socket.
[[0;32m  OK  [0m] Listening on Journal Socket.
         Starting Set the console keyboard layout...
         Mounting Huge Pages File System...
         Starting File System Check on Root Device...
         Starting Create list of required st…ce nodes for the current kernel...
         Mounting Kernel Debug File System...
[[0;32m  OK  [0m] Created slice User and Session Slice.
[[0;32m  OK  [0m] Reached target Slices.
[[0;32m  OK  [0m] Created slice system-serial\x2dgetty.slice.
         Mounting POSIX Message Queue File System...
[[0;32m  OK  [0m] Listening on udev Control Socket.
         Starting Uncomplicated firewall...
[[0;32m  OK  [0m] Listening on Network Service Netlink Socket.
         Starting Monitoring of LVM2 mirrors…ng dmeventd or progress polling...
[[0;32m  OK  [0m] Listening on /dev/initctl Compatibility Named Pipe.
[[0;32m  OK  [0m] Listening on udev Kernel Socket.
         Starting udev Coldplug all Devices...
[[0;32m  OK  [0m] Reached target System Time Synchronized.
[[0;32m  OK  [0m] Listening on Journal Audit Socket.
         Starting Journal Service...
         Starting Load Kernel Modules...
[[0;32m  OK  [0m] Mounted Huge Pages File System.
[[0;32m  OK  [0m] Started File System Check on Root Device.
[[0;32m  OK  [0m] Started Create list of required sta…vice nodes for the current kernel.
[[0;32m  OK  [0m] Mounted Kernel Debug File System.
[[0;32m  OK  [0m] Mounted POSIX Message Queue File System.
[[0;32m  OK  [0m] Started Uncomplicated firewall.
[[0;32m  OK  [0m] Started File System Check Daemon to report status.
         Starting Create Static Device Nodes in /dev...
         Starting Remount Root and Kernel File Systems...
[[0;32m  OK  [0m] Started udev Coldplug all Devices.
[    5.939496] Loading iSCSI transport class v2.0-870.
[[0;32m  OK  [0m] Started Journal Service.
[[0;32m  OK  [0m] Started LVM2 metadata daemon.
[[0;32m  OK  [0m] Started Set the console keyboard layout.
[[0;32m  OK  [0m] Started Create Static Device Nodes in /dev.
[    6.028249] iscsi: registered transport (tcp)
[    6.060323] iscsi: registered transport (iser)
[[0;32m  OK  [0m] Started Load Kernel Modules.
         Mounting FUSE Control File System...
         Mounting Kernel Configuration File System...
[    6.076447] EXT4-fs (sda1): re-mounted. Opts: (null)
         Starting Apply Kernel Variables...
[[0;32m  OK  [0m] Mounted FUSE Control File System.
[[0;32m  OK  [0m] Mounted Kernel Configuration File System.
[[0;32m  OK  [0m] Started Remount Root and Kernel File Systems.
         Starting Flush Journal to Persistent Storage...
         Starting Load/Save Random Seed...
         Starting udev Kernel Device Manager...
[[0;32m  OK  [0m] Started Monitoring of LVM2 mirrors,…sing dmeventd or progress polling.
[[0;32m  OK  [0m] Reached target Local File Systems (Pre).
[[0;32m  OK  [0m] Reached target Local File Systems.
         Starting Tell Plymouth To Write Out Runtime Data...
         Starting AppArmor initialization...
         Starting Commit a transient machine-id on disk...
         Starting ebtables ruleset management...
         Starting Set console font and keymap...
[[0;32m  OK  [0m] Started Load/Save Random Seed.
[[0;32m  OK  [0m] Started udev Kernel Device Manager.
[[0;32m  OK  [0m] Started Dispatch Password Requests to Console Directory Watch.
[[0;32m  OK  [0m] Reached target Local Encrypted Volumes.
[[0;32m  OK  [0m] Started Apply Kernel Variables.
[[0;32m  OK  [0m] Started Tell Plymouth To Write Out Runtime Data.
[[0;32m  OK  [0m] Started Set console font and keymap.
[[0;32m  OK  [0m] Started Commit a transient machine-id on disk.
[[0;32m  OK  [0m] Started Flush Journal to Persistent Storage.
         Starting Create Volatile Files and Directories...
[[0;32m  OK  [0m] Started ebtables ruleset management.
[[0;32m  OK  [0m] Started Create Volatile Files and Directories.
         Starting Update UTMP about System Boot/Shutdown...
[[0;32m  OK  [0m] Started Update UTMP about System Boot/Shutdown.
[[0;32m  OK  [0m] Found device /dev/ttyS0.
[[0;32m  OK  [0m] Listening on Load/Save RF Kill Switch Status /dev/rfkill Watch.
[[0;32m  OK  [0m] Started AppArmor initialization.
         Starting Load AppArmor profiles managed internally by snapd...
         Starting Initial cloud-init job (pre-networking)...
[[0;32m  OK  [0m] Started Load AppArmor profiles managed internally by snapd.
[   10.150402] cloud-init[565]: Cloud-init v. 21.2-3-g899bfaa9-0ubuntu2~18.04.1 running 'init-local' at Wed, 13 Oct 2021 18:31:46 +0000. Up 9.47 seconds.
[[0;32m  OK  [0m] Started Initial cloud-init job (pre-networking).
[[0;32m  OK  [0m] Reached target Network (Pre).
         Starting Network Service...
[[0;32m  OK  [0m] Started Network Service.
         Starting Network Name Resolution...
         Starting Wait for Network to be Configured...
[[0;32m  OK  [0m] Started Network Name Resolution.
[[0;32m  OK  [0m] Reached target Network.
[[0;32m  OK  [0m] Reached target Host and Network Name Lookups.
[[0;32m  OK  [0m] Started Wait for Network to be Configured.
         Starting Initial cloud-init job (metadata service crawler)...
[   18.455929] cloud-init[670]: Cloud-init v. 21.2-3-g899bfaa9-0ubuntu2~18.04.1 running 'init' at Wed, 13 Oct 2021 18:31:55 +0000. Up 17.79 seconds.
[   18.461783] cloud-init[670]: ci-info: +++++++++++++++++++++++++++++++++++++Net device info++++++++++++++++++++++++++++++++++++++
[   18.467047] cloud-init[670]: ci-info: +--------+------+---------------------------+---------------+--------+-------------------+
[   18.483221] cloud-init[670]: ci-info: | Device |  Up  |          Address          |      Mask     | Scope  |     Hw-Address    |
[   18.508555] cloud-init[670]: ci-info: +--------+------+---------------------------+---------------+--------+-------------------+
[   18.513738] cloud-init[670]: ci-info: | enp0s3 | True |         10.0.2.15         | 255.255.255.0 | global | 02:2f:77:f1:0c:e0 |
[   18.518289] cloud-init[670]: ci-info: | enp0s3 | True | fe80::2f:77ff:fef1:ce0/64 |       .       |  link  | 02:2f:77:f1:0c:e0 |
[   18.523656] cloud-init[670]: ci-info: |   lo   | True |         127.0.0.1         |   255.0.0.0   |  host  |         .         |
[   18.544687] cloud-init[670]: ci-info: |   lo   | True |          ::1/128          |       .       |  host  |         .         |
[   18.547834] cloud-init[670]: ci-info: +--------+------+---------------------------+---------------+--------+-------------------+
[   18.553189] cloud-init[670]: ci-info: ++++++++++++++++++++++++++++Route IPv4 info+++++++++++++++++++++++++++++
[   18.569182] cloud-init[670]: ci-info: +-------+-------------+----------+-----------------+-----------+-------+
[   18.578928] cloud-init[670]: ci-info: | Route | Destination | Gateway  |     Genmask     | Interface | Flags |
[   18.588257] cloud-init[670]: ci-info: +-------+-------------+----------+-----------------+-----------+-------+
[   18.604859] cloud-init[670]: ci-info: |   0   |   0.0.0.0   | 10.0.2.2 |     0.0.0.0     |   enp0s3  |   UG  |
[   18.609260] cloud-init[670]: ci-info: |   1   |   10.0.2.0  | 0.0.0.0  |  255.255.255.0  |   enp0s3  |   U   |
[   18.614502] cloud-init[670]: ci-info: |   2   |   10.0.2.2  | 0.0.0.0  | 255.255.255.255 |   enp0s3  |   UH  |
[   18.618916] cloud-init[670]: ci-info: +-------+-------------+----------+-----------------+-----------+-------+
[   18.623644] cloud-init[670]: ci-info: +++++++++++++++++++Route IPv6 info+++++++++++++++++++
[   18.628511] cloud-init[670]: ci-info: +-------+-------------+---------+-----------+-------+
[   18.632308] cloud-init[670]: ci-info: | Route | Destination | Gateway | Interface | Flags |
[   18.644888] cloud-init[670]: ci-info: +-------+-------------+---------+-----------+-------+
[   18.648739] cloud-init[670]: ci-info: |   1   |  fe80::/64  |    ::   |   enp0s3  |   U   |
[   18.655885] cloud-init[670]: ci-info: |   3   |    local    |    ::   |   enp0s3  |   U   |
[   18.667900] cloud-init[670]: ci-info: |   4   |   ff00::/8  |    ::   |   enp0s3  |   U   |
[   18.688398] cloud-init[670]: ci-info: +-------+-------------+---------+-----------+-------+
[   19.974134] cloud-init[670]: Generating public/private rsa key pair.
[   19.977187] cloud-init[670]: Your identification has been saved in /etc/ssh/ssh_host_rsa_key.
[   19.980595] cloud-init[670]: Your public key has been saved in /etc/ssh/ssh_host_rsa_key.pub.
[   19.996635] cloud-init[670]: The key fingerprint is:
[   19.998822] cloud-init[670]: SHA256:nszm6+6RtNMpnttzmaCsK4T9eYagDcss0RQHS6cw85o root@ubuntu-bionic
[   20.002867] cloud-init[670]: The key's randomart image is:
[   20.005460] cloud-init[670]: +---[RSA 2048]----+
[   20.012297] cloud-init[670]: |+ o..            |
[   20.014337] cloud-init[670]: | *.+.            |
[   20.020350] cloud-init[670]: |  +o             |
[   20.022147] cloud-init[670]: | o.              |
[   20.028597] cloud-init[670]: |Eo o    S        |
[   20.036327] cloud-init[670]: |. + +  = =..     |
[   20.039406] cloud-init[670]: | + * o +%.o. o   |
[   20.043241] cloud-init[670]: |. = o ++=*. +    |
[   20.046916] cloud-init[670]: | .   .oOXo.o     |
[   20.050229] cloud-init[670]: +----[SHA256]-----+
[   20.060579] cloud-init[670]: Generating public/private dsa key pair.
[   20.065611] cloud-init[670]: Your identification has been saved in /etc/ssh/ssh_host_dsa_key.
[   20.071177] cloud-init[670]: Your public key has been saved in /etc/ssh/ssh_host_dsa_key.pub.
[   20.084833] cloud-init[670]: The key fingerprint is:
[   20.096656] cloud-init[670]: SHA256:wSn/XaIaWB2fcyZ1TFS3SCQczbVfdGEPpt15aWzGR7M root@ubuntu-bionic
[   20.112874] cloud-init[670]: The key's randomart image is:
[   20.128651] cloud-init[670]: +---[DSA 1024]----+
[   20.131706] cloud-init[670]: |          .o=o+*@|
[   20.135307] cloud-init[670]: |       . . .o*=B@|
[   20.137707] cloud-init[670]: |      . + . ..oEO|
[   20.140543] cloud-init[670]: |       o o o o+.=|
[   20.153536] cloud-init[670]: |        S . * + .|
[   20.168702] cloud-init[670]: |       o . o B   |
[   20.170921] [[0;32m  OK  [0m] Started Initial cloud-init job (metadata service crawler).
[[0;32m  OK  [0m] Reached target System Initialization.
[[0;32m  OK  [0m] Started Daily apt download activities.
cloud-init[670]: |      . . o .    |
[   20.180456] cloud-init[670]: |         o       |
[   20.182103] cloud-init[670]: |        .        |
         Starting LXD - unix socket.
         Starting Socket activation for snappy daemon.
[[0;32m  OK  [0m] Started Daily Cleanup of Temporary Directories.
[   20.194614] cloud-init[670]: +----[SHA256]-----+
[[0;32m  OK  [0m] Started ACPI Events Check.
[[0;32m  OK  [0m] Reached target Paths.
[[0;32m  OK  [0m] Started Message of the Day.
[[0;32m  OK  [0m] Listening on Open-iSCSI iscsid Socket.
[   20.222742] cloud-init[670]: Generating public/private ecdsa key pair.
[[0;32m  OK  [0m] Started Ubuntu Advantage update messaging.
[   20.244433] [[0;32m  OK  [0m] Listening on ACPID Listen Socket.
[[0;32m  OK  [0m] Started Discard unused blocks once a week.
[[0;32m  OK  [0m] Started Daily apt upgrade and clean activities.
[[0;32m  OK  [0m] Reached target Timers.
[[0;32m  OK  [0m] Listening on UUID daemon activation socket.
[[0;32m  OK  [0m] Listening on D-Bus System Message Bus Socket.
[[0;32m  OK  [0m] Reached target Network is Online.
cloud-init[670]: Your identification has been saved in /etc/ssh/ssh_host_ecdsa_key.
[[0;32m  OK  [0m] Reached target Remote File Systems (Pre).
[[   20.261457] [0;32m  OK  [0mcloud-init] [670]: Reached target Remote File Systems.Your public key has been saved in /etc/ssh/ssh_host_ecdsa_key.pub.

[   20.279422] cloud-init[670]: The key fingerprint is:
         [   20.293893] Starting Availability of block devices...cloud-init
[670]: SHA256:rIHz1oDNtGJ8tNZYJA9lBvU6tveVprFCl7PkMuMfYoA root@ubuntu-bionic
[[0;32m  OK  [0m] Reached target Cloud-config availability.
[   20.298717] cloud-init[670]: The key's randomart image is:
[[0;32m  OK  [0m] Listening on LXD - unix socket.
[[0;32m  OK  [0m] Listening on Socket activation for snappy daemon.[   20.330118] cloud-init[670]: +---[ECDSA 256]---+
[   20.333935] cloud-init[670]: |      ++*        |
[   20.334904] cloud-init[670]: |       B .       |

[   20.340447] cloud-init[670]: |      o o .      |
[   20.343259] cloud-init[670]: |   . B O .       |
[[0;32m  OK  [0m[   20.357608] cloud-init[670]: |    B E S    .   |
[   20.359376] cloud-init[670]: |   . * * +. =  . |
[   20.360599] cloud-init[670]: |      + o.++oo+  |
[   20.363856] cloud-init[670]: |     .   o=ooB   |
[   20.364160] cloud-init[670]: |         ..*=    |
[   20.364472] cloud-init[670]: +----[SHA256]-----+
[   20.364776] cloud-init[670]: Generating public/private ed25519 key pair.
] Started Availability of block devices.
[   20.365293] cloud-init[670]: Your identification has been saved in /etc/ssh/ssh_host_ed25519_key.
[[   20.375780] cloud-init[670]: Your public key has been saved in /etc/ssh/ssh_host_ed25519_key.pub.
[   20.375958] cloud-init[670]: The key fingerprint is:
[0;32m  OK  [0m] Reached target Sockets.
[[0;32m  OK  [0m] Reached target Basic System.
         Starting Virtualbox guest utils...
[[0;32m  OK  [0m] Started FUSE filesystem for LXC.
[   20.377248] cloud-init[670]: SHA256:iweEnt8DeppZRL0kktZMMTa1ow//x/t/V+FqUUDQSOs root@ubuntu-bionic
[   20.412552] cloud-init[670]: The key's randomart image is:
         Starting Permit User Sessions...
[   20.421356] cloud-init[670]: +--[ED25519 256]--+
         Starting Login Service...
[[0;32m  OK  [0m] Started Deferred execution scheduler.
         Starting LSB: Record successful boot for GRUB...
[   20.458617] cloud-init[670]: |      *o. .o=.   |
         Starting LSB: automatic crash report generation...
[   20.503701] cloud-init[670]: |     B + . ..o   |
[   20.536351] cloud-init[670]: |    = * =  .  .  |
[[0;32m  OK  [0m] Started irqbalance daemon.
[   20.558662] cloud-init[670]: |   o = + o.    o |
[   20.587614] cloud-init[670]: |    o * S  E  o .|
[   20.598232] cloud-init[670]: |     + O .   . ..|
         Starting Pollinate to seed the pseudo random number generator...
[   20.603091] cloud-init[670]: |    . = B  .  o .|
[   20.626466] cloud-init[670]: |     * . o  oo  o|
[[0;32m  OK  [0m] Started Regular background program processing daemon.
[[0;32m  OK  [0m] Started D-Bus System Message Bus.
[   20.658532] cloud-init[670]: |    +     ..oo..+|
[   20.663584] cloud-init[670]: +----[SHA256]-----+
[[0;32m  OK  [0m] Started Login Service.
[[0;32m  OK  [0m] Started Unattended Upgrades Shutdown.
         Starting Snap Daemon...
         Starting Accounts Service...
         Starting System Logging Service...
         Starting Dispatcher daemon for systemd-networkd...
         Starting LXD - container startup/shutdown...
[[0;32m  OK  [0m] Started Permit User Sessions.
         Starting Hold until boot process finishes up...
         Starting Terminate Plymouth Boot Screen...
[[0;32m  OK  [0m] Started Hold until boot process finishes up.
[[0;32m  OK  [0m] Started Terminate Plymouth Boot Screen.
         Starting Authorization Manager...
         Starting Set console scheme...
[[0;32m  OK  [0m] Started Serial Getty on ttyS0.
[[0;32m  OK  [0m] Started System Logging Service.
[[0;32m  OK  [0m] Started Set console scheme.
[[0;32m  OK  [0m] Created slice system-getty.slice.
[[0;32m  OK  [0m] Started Getty on tty1.
[[0;32m  OK  [0m] Reached target Login Prompts.
[[0;32m  OK  [0m] Started LSB: automatic crash report generation.
[[0;32m  OK  [0m] Started LSB: Record successful boot for GRUB.
[[0;32m  OK  [0m] Started Authorization Manager.
[[0;32m  OK  [0m] Started Accounts Service.
[[0;32m  OK  [0m] Started Virtualbox guest utils.
[[0;32m  OK  [0m] Started Dispatcher daemon for systemd-networkd.
[[0;32m  OK  [0m] Started LXD - container startup/shutdown.
[[0;32m  OK  [0m] Started Snap Daemon.
         Starting Wait until snapd is fully seeded...
[[0;32m  OK  [0m] Started Pollinate to seed the pseudo random number generator.
         Starting OpenBSD Secure Shell server...
[[0;32m  OK  [0m] Started OpenBSD Secure Shell server.
[[0;32m  OK  [0m] Created slice User Slice of vagrant.
         Starting User Manager for UID 1000...
[[0;32m  OK  [0m] Started Session 1 of user vagrant.
[[0;32m  OK  [0m] Started User Manager for UID 1000.

Ubuntu 18.04.6 LTS ubuntu-bionic ttyS0

ubuntu-bionic login: [   29.755136] cloud-init[1203]: Cloud-init v. 21.2-3-g899bfaa9-0ubuntu2~18.04.1 running 'modules:config' at Wed, 13 Oct 2021 18:32:04 +0000. Up 27.58 seconds.
ci-info: no authorized SSH keys fingerprints found for user ubuntu.
<14>Oct 13 18:32:09 cloud-init: #############################################################
<14>Oct 13 18:32:09 cloud-init: -----BEGIN SSH HOST KEY FINGERPRINTS-----
<14>Oct 13 18:32:09 cloud-init: 1024 SHA256:wSn/XaIaWB2fcyZ1TFS3SCQczbVfdGEPpt15aWzGR7M root@ubuntu-bionic (DSA)
<14>Oct 13 18:32:09 cloud-init: 256 SHA256:rIHz1oDNtGJ8tNZYJA9lBvU6tveVprFCl7PkMuMfYoA root@ubuntu-bionic (ECDSA)
<14>Oct 13 18:32:09 cloud-init: 256 SHA256:iweEnt8DeppZRL0kktZMMTa1ow//x/t/V+FqUUDQSOs root@ubuntu-bionic (ED25519)
<14>Oct 13 18:32:09 cloud-init: 2048 SHA256:nszm6+6RtNMpnttzmaCsK4T9eYagDcss0RQHS6cw85o root@ubuntu-bionic (RSA)
<14>Oct 13 18:32:09 cloud-init: -----END SSH HOST KEY FINGERPRINTS-----
<14>Oct 13 18:32:09 cloud-init: #############################################################
-----BEGIN SSH HOST KEY KEYS-----
ecdsa-sha2-nistp256 AAAAE2VjZHNhLXNoYTItbmlzdHAyNTYAAAAIbmlzdHAyNTYAAABBBKxeDUqsLk7+oyhYEp5JoiUPNdcissXUaTrB5r19pAB+cyN+WEHJ7pLKeYqUzh7CVtpg2UlolyygVwHg5QF56bE= root@ubuntu-bionic
ssh-ed25519 AAAAC3NzaC1lZDI1NTE5AAAAIJ6S+eS7TH6/5L7EUKv6wwvzrMxDdGBn3d1yO/eSYqtz root@ubuntu-bionic
ssh-rsa AAAAB3NzaC1yc2EAAAADAQABAAABAQC8oODjh3BujxG/EBlmfYpb2s5ZTfC0j52JO/ifARZoB6oKllvKl4TxyRGAvV8RTQ57HigxK9FNs6/eYa6czX0aLPkRRjFsxJLqVGW89HGKx+yvJb6K3lOqcSYX/RMq77rHmghaFzG2fka6SMGQupLLcy5JPvw1jDg4T92exjz3chqzmcf3AY7cN5flqCjK3LhwjrbXUOwCodAxOVfVx+iDV3JoEcm0QD/05fEWWXIET6gXMSshH3241j8laPEwdRpokZxWQUEyZLA1w54578zpIQF/0VqoNgTYdqPAfJhudE+X6RdrnVTtHL2fmI7CPEme5xM8gBnwus/FEJNUVxwh root@ubuntu-bionic
-----END SSH HOST KEY KEYS-----
[   32.543678] cloud-init[1349]: Cloud-init v. 21.2-3-g899bfaa9-0ubuntu2~18.04.1 running 'modules:final' at Wed, 13 Oct 2021 18:32:08 +0000. Up 31.33 seconds.
[   32.543841] cloud-init[1349]: ci-info: no authorized SSH keys fingerprints found for user ubuntu.
[   32.544004] cloud-init[1349]: Cloud-init v. 21.2-3-g899bfaa9-0ubuntu2~18.04.1 finished at Wed, 13 Oct 2021 18:32:09 +0000. Datasource DataSourceNoCloud [seed=/dev/sdb][dsmode=net].  Up 32.51 seconds
